<?xml version="1.0" encoding="UTF-8"?>
<testsuite name="JUnit Jupiter" tests="1" skipped="0" failures="0" errors="0" time="0.165" hostname="thinky.localdomain" timestamp="2017-10-08T15:42:05">
<properties>
[...]
</properties>
<testcase name="myFirstTest()" classname="com.github.saem.superservicetime.ConsoleTest" time="0.124">
<system-out><![CDATA[
unique-id: [engine:junit-jupiter]/[class:com.github.saem.superservicetime.ConsoleTest]/[method:myFirstTest()]
display-name: myFirstTest()
]]></system-out>
</testcase>
<system-out><![CDATA[
unique-id: [engine:junit-jupiter]
display-name: JUnit Jupiter
]]></system-out>
</testsuite>
